<?xml version="1.0" encoding="UTF-8"?>
<testsuite name="org.bedu.StackTest" tests="6" skipped="0" failures="0" errors="0" timestamp="2023-06-16T03:45:05" hostname="JORGE-GAMER" time="0.06">
  <properties/>
  <testcase name="Throws an exception when pops an empty stack" classname="org.bedu.StackTest" time="0.04"/>
  <testcase name="Contains a certain element" classname="org.bedu.StackTest" time="0.003"/>
  <testcase name="Adds elements to stack" classname="org.bedu.StackTest" time="0.002"/>
  <testcase name="Removes and retrieves the last element" classname="org.bedu.StackTest" time="0.003"/>
  <testcase name="Size is 0 when stack is empty" classname="org.bedu.StackTest" time="0.001"/>
  <testcase name="Does not contain a certain element" classname="org.bedu.StackTest" time="0.001"/>
  <system-out><![CDATA[]]></system-out>
  <system-err><![CDATA[]]></system-err>
</testsuite>
