<?xml version="1.0" encoding="UTF-8"?>
<testsuite name="org.bedu.AppTest" tests="1" skipped="0" failures="0" errors="0" timestamp="2023-06-16T02:25:25" hostname="JORGE-GAMER" time="0.027">
  <properties/>
  <testcase name="Negative numbers" classname="org.bedu.AppTest" time="0.027"/>
  <system-out><![CDATA[]]></system-out>
  <system-err><![CDATA[]]></system-err>
</testsuite>
