<?xml version="1.0" encoding="UTF-8"?>
<testsuite name="org.bedu.AppTest" tests="3" skipped="0" failures="0" errors="0" timestamp="2023-06-16T02:54:13" hostname="JORGE-GAMER" time="0.063">
  <properties/>
  <testcase name="Negative numbers" classname="org.bedu.AppTest" time="0.036"/>
  <testcase name="Zero and One" classname="org.bedu.AppTest" time="0.016"/>
  <testcase name="Prime Numbers" classname="org.bedu.AppTest" time="0.003"/>
  <system-out><![CDATA[]]></system-out>
  <system-err><![CDATA[]]></system-err>
</testsuite>
